[ 2013-12-19T12:29:29+08:00 ] 127.0.0.1 /thinkcmf/index.php?m=tools&a=shortcodes
INFO: [ app_begin ] --START--
INFO: ReadHtmlCache Behavior ::run [ RunTime:0.003000s ]
INFO: [ app_begin ] --END-- [ RunTime:0.005000s ]
NOTIC: [2048] Declaration of HomeBaseAction::display() should be compatible with Action::display($templateFile = '', $charset = '', $contentType = '', $content = '', $prefix = '') F:\wamp\www\thinkcmf\simplewind\Lib\Action\HomeBaseAction.class.php 第 2 行.
NOTIC: [2048] Non-static method Dir::del() should not be called statically F:\wamp\www\thinkcmf\simplewind\Common\common.php 第 61 行.
NOTIC: [2048] Non-static method Dir::del() should not be called statically F:\wamp\www\thinkcmf\simplewind\Common\common.php 第 61 行.
NOTIC: [2048] Non-static method Dir::del() should not be called statically F:\wamp\www\thinkcmf\simplewind\Common\common.php 第 61 行.
NOTIC: [2048] Non-static method Dir::del() should not be called statically F:\wamp\www\thinkcmf\simplewind\Common\common.php 第 61 行.
NOTIC: [2048] Non-static method Dir::del() should not be called statically F:\wamp\www\thinkcmf\simplewind\Common\common.php 第 61 行.
NOTIC: [2048] Non-static method Dir::del() should not be called statically F:\wamp\www\thinkcmf\simplewind\Common\common.php 第 61 行.
NOTIC: [2048] Non-static method Dir::del() should not be called statically F:\wamp\www\thinkcmf\simplewind\Common\common.php 第 61 行.
NOTIC: [8] Constant THEME_PATH already defined F:\wamp\www\thinkcmf\simplewind\Core\Lib\Core\View.class.php 第 151 行.
NOTIC: [8] Constant APP_TMPL_PATH already defined F:\wamp\www\thinkcmf\simplewind\Core\Lib\Core\View.class.php 第 152 行.
INFO: [ view_parse ] --START--
NOTIC: [8] Undefined index: MEMBER_type F:\wamp\www\thinkcmf\data\runtime\Cache\Portal\613e4871d4378f7230637b836e6e7d9f.php 第 63 行.
NOTIC: [8] Undefined index: MEMBER_type F:\wamp\www\thinkcmf\data\runtime\Cache\Portal\613e4871d4378f7230637b836e6e7d9f.php 第 63 行.
NOTIC: [8] Undefined index: MEMBER_type F:\wamp\www\thinkcmf\data\runtime\Cache\Portal\613e4871d4378f7230637b836e6e7d9f.php 第 65 行.
SQL: SHOW COLUMNS FROM `sp_nav` [ RunTime:0.010000s ]
SQL: SHOW COLUMNS FROM `sp_nav_cat` [ RunTime:0.011001s ]
SQL: SELECT * FROM `sp_nav_cat` WHERE ( active=1 ) LIMIT 1   [ RunTime:0.001000s ]
SQL: SELECT * FROM `sp_nav` WHERE ( cid=4 ) ORDER BY `listorder` ASC  [ RunTime:0.001000s ]
INFO: ParseTemplate Behavior ::run [ RunTime:0.128007s ]
INFO: [ view_parse ] --END-- [ RunTime:0.128007s ]
INFO: [ view_filter ] --START--
INFO: ContentReplace Behavior ::run [ RunTime:0.003000s ]
INFO: TokenBuild Behavior ::run [ RunTime:0.002000s ]
INFO: WriteHtmlCache Behavior ::run [ RunTime:0.002000s ]
INFO: ShowRuntime Behavior ::run [ RunTime:0.002000s ]
INFO: [ view_filter ] --END-- [ RunTime:0.009000s ]
INFO: [ view_end ] --START--
INFO: ShowPageTrace Behavior ::run [ RunTime:0.003000s ]
INFO: [ view_end ] --END-- [ RunTime:0.003000s ]

